<?xml version="1.0" encoding="UTF-8"?>
<!-- Generated by org.testng.reporters.JUnitReportReporter -->
<testsuite hostname="bad-PC" name="org.fluentlenium.example.spring.Case1" tests="1" failures="0" timestamp="4 Jun 2018 09:17:02 GMT" time="19.450" errors="0">
  <testcase name="addNoticeCase01" time="19.450" classname="org.fluentlenium.example.spring.Case1"/>
</testsuite> <!-- org.fluentlenium.example.spring.Case1 -->
