<?xml version="1.0" encoding="UTF-8"?>
<!-- Generated by org.testng.reporters.JUnitReportReporter -->
<testsuite skipped="0" hostname="bad-PC" name="org.fluentlenium.example.spring.Case1" tests="1" failures="0" timestamp="04 六月 2018 01:45:46 GMT" time="96.365" errors="0">
  <testcase name="noticeCase01" time="96.365" classname="org.fluentlenium.example.spring.Case1"/>
</testsuite> <!-- org.fluentlenium.example.spring.Case1 -->
