<?xml version="1.0" encoding="UTF-8"?>
<!-- Generated by org.testng.reporters.JUnitReportReporter -->
<testsuite hostname="bad-PC" name="org.fluentlenium.example.spring.Case1" tests="1" failures="0" timestamp="4 Jun 2018 03:53:05 GMT" time="21.378" errors="0">
  <testcase name="noticeCase01" time="21.378" classname="org.fluentlenium.example.spring.Case1"/>
</testsuite> <!-- org.fluentlenium.example.spring.Case1 -->
