<?xml version="1.0" encoding="UTF-8"?>
<!-- Generated by org.testng.reporters.JUnitReportReporter -->
<testsuite skipped="0" hostname="bad-PC" name="org.fluentlenium.example.spring.Case1" tests="1" failures="0" timestamp="01 六月 2018 02:46:48 GMT" time="54.949" errors="0">
  <testcase name="visitGoogle" time="54.949" classname="org.fluentlenium.example.spring.Case1"/>
</testsuite> <!-- org.fluentlenium.example.spring.Case1 -->
