<?xml version="1.0" encoding="UTF-8"?>
<!-- Generated by org.testng.reporters.JUnitReportReporter -->
<testsuite hostname="bad-PC" name="org.fluentlenium.example.spring.Case1" tests="1" failures="0" timestamp="4 Jun 2018 06:39:10 GMT" time="20.183" errors="0">
  <testcase name="addNoticeCase01" time="20.183" classname="org.fluentlenium.example.spring.Case1"/>
</testsuite> <!-- org.fluentlenium.example.spring.Case1 -->
